[2019-03-20 16:21:37,255] multiqc                                            [DEBUG  ]  No MultiQC config found: /gfs/progs/miniconda3/lib/python3.6/site-packages/multiqc_config.yaml
[2019-03-20 16:21:37,255] multiqc                                            [DEBUG  ]  No MultiQC config found: /localdata/home/kalre1/.multiqc_config.yaml
[2019-03-20 16:21:37,255] multiqc                                            [DEBUG  ]  No MultiQC config found: multiqc_config.yaml
[2019-03-20 16:21:37,255] multiqc                                            [DEBUG  ]  Command used: /gfs/progs/miniconda3/bin/multiqc -f exampleFiles/trimmed_qc_report -o exampleFiles/trimmed_qc_report
[2019-03-20 16:21:37,545] multiqc                                            [WARNING]  MultiQC Version v1.7 now available!
[2019-03-20 16:21:37,546] multiqc                                            [INFO   ]  This is MultiQC v1.6
[2019-03-20 16:21:37,546] multiqc                                            [DEBUG  ]  Command     : /gfs/progs/miniconda3/bin/multiqc -f exampleFiles/trimmed_qc_report -o exampleFiles/trimmed_qc_report
[2019-03-20 16:21:37,546] multiqc                                            [DEBUG  ]  Working dir : /localdata/home/kalre1/microbiome-data/bin/preprocessing
[2019-03-20 16:21:37,547] multiqc                                            [INFO   ]  Template    : default
[2019-03-20 16:21:37,547] multiqc                                            [INFO   ]  Searching 'exampleFiles/trimmed_qc_report'
[2019-03-20 16:21:37,548] multiqc                                            [DEBUG  ]  Analysing modules: custom_content, conpair, peddy, methylQA, qualimap, preseq, quast, qorts, rna_seqc, rsem, rseqc, busco, goleft_indexcov, disambiguate, supernova, deeptools, sargasso, verifybamid, mirtrace, happy, homer, macs2, theta2, snpeff, gatk, htseq, bcftools, featureCounts, dedup, picard, prokka, samblaster, samtools, bamtools, jellyfish, vcftools, longranger, bbmap, bismark, hicexplorer, hicup, hicpro, salmon, kallisto, slamdunk, star, hisat2, tophat, bowtie2, bowtie1, kat, leehom, adapterRemoval, clipandmerge, cutadapt, flexbar, trimmomatic, skewer, sortmerna, biobloomtools, fastq_screen, afterqc, fastp, fastqc, clusterflow, bcl2fastq, interop
[2019-03-20 16:21:37,548] multiqc                                            [DEBUG  ]  Using temporary directory for creating report: /tmp/tmpw96oblt6
[2019-03-20 16:21:37,705] multiqc                                            [DEBUG  ]  Ignoring directory as matched fn_ignore_dirs: exampleFiles/trimmed_qc_report/multiqc_data
[2019-03-20 16:21:37,719] multiqc                                            [DEBUG  ]  Ignoring file as matched an ignore pattern: EXAMPLE_good_1.fastq.trimmed_fastqc.html
[2019-03-20 16:21:37,720] multiqc                                            [DEBUG  ]  Ignoring file as matched an ignore pattern: EXAMPLE_good_2.fastq.trimmed_fastqc.html
[2019-03-20 16:21:37,720] multiqc                                            [DEBUG  ]  Ignoring file as matched an ignore pattern: multiqc_report.html
[2019-03-20 16:21:38,054] multiqc                                            [DEBUG  ]  No samples found: custom_content
[2019-03-20 16:21:38,059] multiqc                                            [DEBUG  ]  No samples found: conpair
[2019-03-20 16:21:38,065] multiqc                                            [DEBUG  ]  No samples found: peddy
[2019-03-20 16:21:38,070] multiqc                                            [DEBUG  ]  No samples found: methylQA
[2019-03-20 16:21:38,078] multiqc                                            [DEBUG  ]  No samples found: qualimap
[2019-03-20 16:21:38,083] multiqc                                            [DEBUG  ]  No samples found: preseq
[2019-03-20 16:21:38,088] multiqc                                            [DEBUG  ]  No samples found: quast
[2019-03-20 16:21:38,093] multiqc                                            [DEBUG  ]  No samples found: qorts
[2019-03-20 16:21:38,098] multiqc                                            [DEBUG  ]  No samples found: rna_seqc
[2019-03-20 16:21:38,103] multiqc                                            [DEBUG  ]  No samples found: rsem
[2019-03-20 16:21:38,111] multiqc                                            [DEBUG  ]  No samples found: rseqc
[2019-03-20 16:21:38,116] multiqc                                            [DEBUG  ]  No samples found: busco
[2019-03-20 16:21:38,121] multiqc                                            [DEBUG  ]  No samples found: goleft_indexcov
[2019-03-20 16:21:38,126] multiqc                                            [DEBUG  ]  No samples found: disambiguate
[2019-03-20 16:21:38,133] multiqc                                            [DEBUG  ]  No samples found: supernova
[2019-03-20 16:21:38,139] multiqc                                            [DEBUG  ]  No samples found: deeptools
[2019-03-20 16:21:38,145] multiqc                                            [DEBUG  ]  No samples found: sargasso
[2019-03-20 16:21:38,150] multiqc                                            [DEBUG  ]  No samples found: verifybamid
[2019-03-20 16:21:38,155] multiqc                                            [DEBUG  ]  No samples found: mirtrace
[2019-03-20 16:21:38,160] multiqc                                            [DEBUG  ]  No samples found: happy
[2019-03-20 16:21:38,166] multiqc                                            [DEBUG  ]  No samples found: homer
[2019-03-20 16:21:38,171] multiqc                                            [DEBUG  ]  No samples found: macs2
[2019-03-20 16:21:38,176] multiqc                                            [DEBUG  ]  No samples found: theta2
[2019-03-20 16:21:38,181] multiqc                                            [DEBUG  ]  No samples found: snpeff
[2019-03-20 16:21:38,187] multiqc                                            [DEBUG  ]  No samples found: gatk
[2019-03-20 16:21:38,192] multiqc                                            [DEBUG  ]  No samples found: htseq
[2019-03-20 16:21:38,198] multiqc                                            [DEBUG  ]  No samples found: bcftools
[2019-03-20 16:21:38,203] multiqc                                            [DEBUG  ]  No samples found: featureCounts
[2019-03-20 16:21:38,208] multiqc                                            [DEBUG  ]  No samples found: dedup
[2019-03-20 16:21:38,217] multiqc                                            [DEBUG  ]  No samples found: picard
[2019-03-20 16:21:38,222] multiqc                                            [DEBUG  ]  No samples found: prokka
[2019-03-20 16:21:38,227] multiqc                                            [DEBUG  ]  No samples found: samblaster
[2019-03-20 16:21:38,233] multiqc                                            [DEBUG  ]  No samples found: samtools
[2019-03-20 16:21:38,239] multiqc                                            [DEBUG  ]  No samples found: bamtools
[2019-03-20 16:21:38,244] multiqc                                            [DEBUG  ]  No samples found: jellyfish
[2019-03-20 16:21:38,250] multiqc                                            [DEBUG  ]  No samples found: vcftools
[2019-03-20 16:21:38,255] multiqc                                            [DEBUG  ]  No samples found: longranger
[2019-03-20 16:21:38,264] multiqc                                            [DEBUG  ]  No samples found: bbmap
[2019-03-20 16:21:38,269] multiqc                                            [DEBUG  ]  No samples found: bismark
[2019-03-20 16:21:38,274] multiqc                                            [DEBUG  ]  No samples found: hicexplorer
[2019-03-20 16:21:38,279] multiqc                                            [DEBUG  ]  No samples found: hicup
[2019-03-20 16:21:38,285] multiqc                                            [DEBUG  ]  No samples found: hicpro
[2019-03-20 16:21:38,290] multiqc                                            [DEBUG  ]  No samples found: salmon
[2019-03-20 16:21:38,295] multiqc                                            [DEBUG  ]  No samples found: kallisto
[2019-03-20 16:21:38,300] multiqc                                            [DEBUG  ]  No samples found: slamdunk
[2019-03-20 16:21:38,306] multiqc                                            [DEBUG  ]  No samples found: star
[2019-03-20 16:21:38,311] multiqc                                            [DEBUG  ]  No samples found: hisat2
[2019-03-20 16:21:38,316] multiqc                                            [DEBUG  ]  No samples found: tophat
[2019-03-20 16:21:38,321] multiqc                                            [DEBUG  ]  No samples found: bowtie2
[2019-03-20 16:21:38,326] multiqc                                            [DEBUG  ]  No samples found: bowtie1
[2019-03-20 16:21:38,331] multiqc                                            [DEBUG  ]  No samples found: kat
[2019-03-20 16:21:38,336] multiqc                                            [DEBUG  ]  No samples found: leehom
[2019-03-20 16:21:38,341] multiqc                                            [DEBUG  ]  No samples found: adapterRemoval
[2019-03-20 16:21:38,346] multiqc                                            [DEBUG  ]  No samples found: clipandmerge
[2019-03-20 16:21:38,352] multiqc                                            [DEBUG  ]  No samples found: cutadapt
[2019-03-20 16:21:38,357] multiqc                                            [DEBUG  ]  No samples found: flexbar
[2019-03-20 16:21:38,362] multiqc                                            [DEBUG  ]  No samples found: trimmomatic
[2019-03-20 16:21:38,367] multiqc                                            [DEBUG  ]  No samples found: skewer
[2019-03-20 16:21:38,372] multiqc                                            [DEBUG  ]  No samples found: sortmerna
[2019-03-20 16:21:38,377] multiqc                                            [DEBUG  ]  No samples found: biobloomtools
[2019-03-20 16:21:38,382] multiqc                                            [DEBUG  ]  No samples found: fastq_screen
[2019-03-20 16:21:38,388] multiqc                                            [DEBUG  ]  No samples found: afterqc
[2019-03-20 16:21:38,394] multiqc                                            [DEBUG  ]  No samples found: fastp
[2019-03-20 16:21:38,408] multiqc.modules.fastqc.fastqc                      [INFO   ]  Found 2 reports
[2019-03-20 16:21:38,501] multiqc                                            [DEBUG  ]  No samples found: clusterflow
[2019-03-20 16:21:38,506] multiqc                                            [DEBUG  ]  No samples found: bcl2fastq
[2019-03-20 16:21:38,511] multiqc                                            [DEBUG  ]  No samples found: interop
[2019-03-20 16:21:38,517] multiqc                                            [INFO   ]  Compressing plot data
[2019-03-20 16:21:38,547] multiqc                                            [WARNING]  Deleting    : exampleFiles/trimmed_qc_report/multiqc_report.html   (-f was specified)
[2019-03-20 16:21:38,548] multiqc                                            [WARNING]  Deleting    : exampleFiles/trimmed_qc_report/multiqc_data   (-f was specified)
[2019-03-20 16:21:38,548] multiqc                                            [INFO   ]  Report      : exampleFiles/trimmed_qc_report/multiqc_report.html
[2019-03-20 16:21:38,548] multiqc                                            [INFO   ]  Data        : exampleFiles/trimmed_qc_report/multiqc_data
[2019-03-20 16:21:38,549] multiqc                                            [DEBUG  ]  Moving data file from '/tmp/tmpw96oblt6/multiqc_data/multiqc_fastqc.txt' to 'exampleFiles/trimmed_qc_report/multiqc_data'
[2019-03-20 16:21:38,549] multiqc                                            [DEBUG  ]  Moving data file from '/tmp/tmpw96oblt6/multiqc_data/multiqc_general_stats.txt' to 'exampleFiles/trimmed_qc_report/multiqc_data'
[2019-03-20 16:21:38,549] multiqc                                            [DEBUG  ]  Moving data file from '/tmp/tmpw96oblt6/multiqc_data/multiqc_data.json' to 'exampleFiles/trimmed_qc_report/multiqc_data'
[2019-03-20 16:21:38,550] multiqc                                            [DEBUG  ]  Moving data file from '/tmp/tmpw96oblt6/multiqc_data/multiqc_sources.txt' to 'exampleFiles/trimmed_qc_report/multiqc_data'
[2019-03-20 16:21:38,708] multiqc                                            [INFO   ]  MultiQC complete
