nohup: ignoring input
RampelliS_2015 done.
AsnicarF_2017 done.
ChngKR_2016 done.
Traceback (most recent call last):
  File "abundance_table.py", line 99, in <module>
    joined = join_metadata(df_dataset, dataset_name)
  File "abundance_table.py", line 66, in join_metadata
    for row in merged.iterrows()]]
  File "abundance_table.py", line 65, in <listcomp>
    joined = merged.loc[[row[1][col_to_idx["Sample_ID"]] in row[1][col_to_idx["NCBI_ACCESSION"]]
  File "/gfs/progs/miniconda3/lib/python3.6/site-packages/pandas/core/frame.py", line 774, in iterrows
    for k, v in zip(self.index, self.values):
  File "/gfs/progs/miniconda3/lib/python3.6/site-packages/pandas/core/generic.py", line 4632, in values
    self._consolidate_inplace()
  File "/gfs/progs/miniconda3/lib/python3.6/site-packages/pandas/core/generic.py", line 4439, in _consolidate_inplace
    self._protect_consolidate(f)
  File "/gfs/progs/miniconda3/lib/python3.6/site-packages/pandas/core/generic.py", line 4428, in _protect_consolidate
    result = f()
  File "/gfs/progs/miniconda3/lib/python3.6/site-packages/pandas/core/generic.py", line 4437, in f
    self._data = self._data.consolidate()
  File "/gfs/progs/miniconda3/lib/python3.6/site-packages/pandas/core/internals.py", line 4098, in consolidate
    bm._consolidate_inplace()
  File "/gfs/progs/miniconda3/lib/python3.6/site-packages/pandas/core/internals.py", line 4103, in _consolidate_inplace
    self.blocks = tuple(_consolidate(self.blocks))
  File "/gfs/progs/miniconda3/lib/python3.6/site-packages/pandas/core/internals.py", line 5069, in _consolidate
    _can_consolidate=_can_consolidate)
  File "/gfs/progs/miniconda3/lib/python3.6/site-packages/pandas/core/internals.py", line 5089, in _merge_blocks
    new_values = _vstack([b.values for b in blocks], dtype)
  File "/gfs/progs/miniconda3/lib/python3.6/site-packages/pandas/core/internals.py", line 5135, in _vstack
    return np.vstack(to_stack)
  File "/gfs/progs/miniconda3/lib/python3.6/site-packages/numpy/core/shape_base.py", line 234, in vstack
    return _nx.concatenate([atleast_2d(_m) for _m in tup], 0)
MemoryError
