[2019-03-20 16:21:30,570] multiqc                                            [DEBUG  ]  No MultiQC config found: /gfs/progs/miniconda3/lib/python3.6/site-packages/multiqc_config.yaml
[2019-03-20 16:21:30,570] multiqc                                            [DEBUG  ]  No MultiQC config found: /localdata/home/kalre1/.multiqc_config.yaml
[2019-03-20 16:21:30,570] multiqc                                            [DEBUG  ]  No MultiQC config found: multiqc_config.yaml
[2019-03-20 16:21:30,570] multiqc                                            [DEBUG  ]  Command used: /gfs/progs/miniconda3/bin/multiqc -f exampleFiles/original_qc_report -o exampleFiles/original_qc_report
[2019-03-20 16:21:30,863] multiqc                                            [WARNING]  MultiQC Version v1.7 now available!
[2019-03-20 16:21:30,864] multiqc                                            [INFO   ]  This is MultiQC v1.6
[2019-03-20 16:21:30,864] multiqc                                            [DEBUG  ]  Command     : /gfs/progs/miniconda3/bin/multiqc -f exampleFiles/original_qc_report -o exampleFiles/original_qc_report
[2019-03-20 16:21:30,864] multiqc                                            [DEBUG  ]  Working dir : /localdata/home/kalre1/microbiome-data/bin/preprocessing
[2019-03-20 16:21:30,865] multiqc                                            [INFO   ]  Template    : default
[2019-03-20 16:21:30,865] multiqc                                            [INFO   ]  Searching 'exampleFiles/original_qc_report'
[2019-03-20 16:21:30,866] multiqc                                            [DEBUG  ]  Analysing modules: custom_content, conpair, peddy, methylQA, qualimap, preseq, quast, qorts, rna_seqc, rsem, rseqc, busco, goleft_indexcov, disambiguate, supernova, deeptools, sargasso, verifybamid, mirtrace, happy, homer, macs2, theta2, snpeff, gatk, htseq, bcftools, featureCounts, dedup, picard, prokka, samblaster, samtools, bamtools, jellyfish, vcftools, longranger, bbmap, bismark, hicexplorer, hicup, hicpro, salmon, kallisto, slamdunk, star, hisat2, tophat, bowtie2, bowtie1, kat, leehom, adapterRemoval, clipandmerge, cutadapt, flexbar, trimmomatic, skewer, sortmerna, biobloomtools, fastq_screen, afterqc, fastp, fastqc, clusterflow, bcl2fastq, interop
[2019-03-20 16:21:30,866] multiqc                                            [DEBUG  ]  Using temporary directory for creating report: /tmp/tmp9k3j3lww
[2019-03-20 16:21:31,024] multiqc                                            [DEBUG  ]  Ignoring directory as matched fn_ignore_dirs: exampleFiles/original_qc_report/multiqc_data
[2019-03-20 16:21:31,038] multiqc                                            [DEBUG  ]  Ignoring file as matched an ignore pattern: EXAMPLE_good_2_fastqc.html
[2019-03-20 16:21:31,039] multiqc                                            [DEBUG  ]  Ignoring file as matched an ignore pattern: EXAMPLE_good_1_fastqc.html
[2019-03-20 16:21:31,039] multiqc                                            [DEBUG  ]  Ignoring file as matched an ignore pattern: multiqc_report.html
[2019-03-20 16:21:31,379] multiqc                                            [DEBUG  ]  No samples found: custom_content
[2019-03-20 16:21:31,385] multiqc                                            [DEBUG  ]  No samples found: conpair
[2019-03-20 16:21:31,391] multiqc                                            [DEBUG  ]  No samples found: peddy
[2019-03-20 16:21:31,397] multiqc                                            [DEBUG  ]  No samples found: methylQA
[2019-03-20 16:21:31,404] multiqc                                            [DEBUG  ]  No samples found: qualimap
[2019-03-20 16:21:31,409] multiqc                                            [DEBUG  ]  No samples found: preseq
[2019-03-20 16:21:31,415] multiqc                                            [DEBUG  ]  No samples found: quast
[2019-03-20 16:21:31,421] multiqc                                            [DEBUG  ]  No samples found: qorts
[2019-03-20 16:21:31,427] multiqc                                            [DEBUG  ]  No samples found: rna_seqc
[2019-03-20 16:21:31,433] multiqc                                            [DEBUG  ]  No samples found: rsem
[2019-03-20 16:21:31,444] multiqc                                            [DEBUG  ]  No samples found: rseqc
[2019-03-20 16:21:31,449] multiqc                                            [DEBUG  ]  No samples found: busco
[2019-03-20 16:21:31,455] multiqc                                            [DEBUG  ]  No samples found: goleft_indexcov
[2019-03-20 16:21:31,461] multiqc                                            [DEBUG  ]  No samples found: disambiguate
[2019-03-20 16:21:31,468] multiqc                                            [DEBUG  ]  No samples found: supernova
[2019-03-20 16:21:31,477] multiqc                                            [DEBUG  ]  No samples found: deeptools
[2019-03-20 16:21:31,483] multiqc                                            [DEBUG  ]  No samples found: sargasso
[2019-03-20 16:21:31,489] multiqc                                            [DEBUG  ]  No samples found: verifybamid
[2019-03-20 16:21:31,495] multiqc                                            [DEBUG  ]  No samples found: mirtrace
[2019-03-20 16:21:31,501] multiqc                                            [DEBUG  ]  No samples found: happy
[2019-03-20 16:21:31,508] multiqc                                            [DEBUG  ]  No samples found: homer
[2019-03-20 16:21:31,513] multiqc                                            [DEBUG  ]  No samples found: macs2
[2019-03-20 16:21:31,519] multiqc                                            [DEBUG  ]  No samples found: theta2
[2019-03-20 16:21:31,525] multiqc                                            [DEBUG  ]  No samples found: snpeff
[2019-03-20 16:21:31,532] multiqc                                            [DEBUG  ]  No samples found: gatk
[2019-03-20 16:21:31,538] multiqc                                            [DEBUG  ]  No samples found: htseq
[2019-03-20 16:21:31,544] multiqc                                            [DEBUG  ]  No samples found: bcftools
[2019-03-20 16:21:31,550] multiqc                                            [DEBUG  ]  No samples found: featureCounts
[2019-03-20 16:21:31,556] multiqc                                            [DEBUG  ]  No samples found: dedup
[2019-03-20 16:21:31,569] multiqc                                            [DEBUG  ]  No samples found: picard
[2019-03-20 16:21:31,574] multiqc                                            [DEBUG  ]  No samples found: prokka
[2019-03-20 16:21:31,580] multiqc                                            [DEBUG  ]  No samples found: samblaster
[2019-03-20 16:21:31,588] multiqc                                            [DEBUG  ]  No samples found: samtools
[2019-03-20 16:21:31,594] multiqc                                            [DEBUG  ]  No samples found: bamtools
[2019-03-20 16:21:31,600] multiqc                                            [DEBUG  ]  No samples found: jellyfish
[2019-03-20 16:21:31,608] multiqc                                            [DEBUG  ]  No samples found: vcftools
[2019-03-20 16:21:31,614] multiqc                                            [DEBUG  ]  No samples found: longranger
[2019-03-20 16:21:31,626] multiqc                                            [DEBUG  ]  No samples found: bbmap
[2019-03-20 16:21:31,632] multiqc                                            [DEBUG  ]  No samples found: bismark
[2019-03-20 16:21:31,638] multiqc                                            [DEBUG  ]  No samples found: hicexplorer
[2019-03-20 16:21:31,643] multiqc                                            [DEBUG  ]  No samples found: hicup
[2019-03-20 16:21:31,649] multiqc                                            [DEBUG  ]  No samples found: hicpro
[2019-03-20 16:21:31,655] multiqc                                            [DEBUG  ]  No samples found: salmon
[2019-03-20 16:21:31,661] multiqc                                            [DEBUG  ]  No samples found: kallisto
[2019-03-20 16:21:31,667] multiqc                                            [DEBUG  ]  No samples found: slamdunk
[2019-03-20 16:21:31,673] multiqc                                            [DEBUG  ]  No samples found: star
[2019-03-20 16:21:31,679] multiqc                                            [DEBUG  ]  No samples found: hisat2
[2019-03-20 16:21:31,685] multiqc                                            [DEBUG  ]  No samples found: tophat
[2019-03-20 16:21:31,690] multiqc                                            [DEBUG  ]  No samples found: bowtie2
[2019-03-20 16:21:31,696] multiqc                                            [DEBUG  ]  No samples found: bowtie1
[2019-03-20 16:21:31,702] multiqc                                            [DEBUG  ]  No samples found: kat
[2019-03-20 16:21:31,707] multiqc                                            [DEBUG  ]  No samples found: leehom
[2019-03-20 16:21:31,713] multiqc                                            [DEBUG  ]  No samples found: adapterRemoval
[2019-03-20 16:21:31,719] multiqc                                            [DEBUG  ]  No samples found: clipandmerge
[2019-03-20 16:21:31,725] multiqc                                            [DEBUG  ]  No samples found: cutadapt
[2019-03-20 16:21:31,731] multiqc                                            [DEBUG  ]  No samples found: flexbar
[2019-03-20 16:21:31,736] multiqc                                            [DEBUG  ]  No samples found: trimmomatic
[2019-03-20 16:21:31,742] multiqc                                            [DEBUG  ]  No samples found: skewer
[2019-03-20 16:21:31,748] multiqc                                            [DEBUG  ]  No samples found: sortmerna
[2019-03-20 16:21:31,753] multiqc                                            [DEBUG  ]  No samples found: biobloomtools
[2019-03-20 16:21:31,759] multiqc                                            [DEBUG  ]  No samples found: fastq_screen
[2019-03-20 16:21:31,765] multiqc                                            [DEBUG  ]  No samples found: afterqc
[2019-03-20 16:21:31,771] multiqc                                            [DEBUG  ]  No samples found: fastp
[2019-03-20 16:21:31,786] multiqc.modules.fastqc.fastqc                      [INFO   ]  Found 2 reports
[2019-03-20 16:21:31,882] multiqc                                            [DEBUG  ]  No samples found: clusterflow
[2019-03-20 16:21:31,888] multiqc                                            [DEBUG  ]  No samples found: bcl2fastq
[2019-03-20 16:21:31,894] multiqc                                            [DEBUG  ]  No samples found: interop
[2019-03-20 16:21:31,900] multiqc                                            [INFO   ]  Compressing plot data
[2019-03-20 16:21:31,935] multiqc                                            [WARNING]  Deleting    : exampleFiles/original_qc_report/multiqc_report.html   (-f was specified)
[2019-03-20 16:21:31,935] multiqc                                            [WARNING]  Deleting    : exampleFiles/original_qc_report/multiqc_data   (-f was specified)
[2019-03-20 16:21:31,936] multiqc                                            [INFO   ]  Report      : exampleFiles/original_qc_report/multiqc_report.html
[2019-03-20 16:21:31,936] multiqc                                            [INFO   ]  Data        : exampleFiles/original_qc_report/multiqc_data
[2019-03-20 16:21:31,979] multiqc                                            [DEBUG  ]  Moving data file from '/tmp/tmp9k3j3lww/multiqc_data/multiqc_fastqc.txt' to 'exampleFiles/original_qc_report/multiqc_data'
[2019-03-20 16:21:31,980] multiqc                                            [DEBUG  ]  Moving data file from '/tmp/tmp9k3j3lww/multiqc_data/multiqc_general_stats.txt' to 'exampleFiles/original_qc_report/multiqc_data'
[2019-03-20 16:21:31,980] multiqc                                            [DEBUG  ]  Moving data file from '/tmp/tmp9k3j3lww/multiqc_data/multiqc_data.json' to 'exampleFiles/original_qc_report/multiqc_data'
[2019-03-20 16:21:31,982] multiqc                                            [DEBUG  ]  Moving data file from '/tmp/tmp9k3j3lww/multiqc_data/multiqc_sources.txt' to 'exampleFiles/original_qc_report/multiqc_data'
[2019-03-20 16:21:32,197] multiqc                                            [INFO   ]  MultiQC complete
